<?xml version="1.0" encoding="UTF-8"?>
<!-- Generated by org.testng.reporters.JUnitReportReporter -->
<testsuite hostname="DESKTOP-8316LVI" failures="0" tests="1" name="testCase.TC002_LoginTest" time="2.731" errors="0" timestamp="2025-02-14T19:16:40 IST" skipped="0">
  <testcase classname="testCase.TC002_LoginTest" name="verify_login" time="2.731"/>
  <system-out/>
</testsuite> <!-- testCase.TC002_LoginTest -->
