<?xml version="1.0" encoding="UTF-8"?>
<!-- Generated by org.testng.reporters.JUnitReportReporter -->
<testsuite hostname="DESKTOP-8316LVI" failures="0" tests="1" name="testCase.TC001_AccRegTest" time="5.663" errors="0" timestamp="2025-01-19T19:23:32 IST" skipped="0">
  <testcase classname="testCase.TC001_AccRegTest" name="verify_account_registration" time="5.663"/>
</testsuite> <!-- testCase.TC001_AccRegTest -->
