<?xml version="1.0" encoding="UTF-8"?>
<!-- Generated by org.testng.reporters.JUnitReportReporter -->
<testsuite hostname="DESKTOP-8316LVI" failures="0" tests="7" name="testCase.TC003_loginDDT" time="55.956" errors="0" timestamp="2025-01-18T18:15:13 IST" skipped="0">
  <testcase classname="testCase.TC003_loginDDT" name="veryfy_loginDDT" time="11.844"/>
  <testcase classname="testCase.TC003_loginDDT" name="veryfy_loginDDT" time="2.646"/>
  <testcase classname="testCase.TC003_loginDDT" name="veryfy_loginDDT" time="11.805"/>
  <testcase classname="testCase.TC003_loginDDT" name="veryfy_loginDDT" time="11.969"/>
  <testcase classname="testCase.TC003_loginDDT" name="veryfy_loginDDT" time="11.631"/>
  <testcase classname="testCase.TC003_loginDDT" name="veryfy_loginDDT" time="3.493"/>
  <testcase classname="testCase.TC003_loginDDT" name="veryfy_loginDDT" time="2.568"/>
</testsuite> <!-- testCase.TC003_loginDDT -->
