<?xml version="1.0" encoding="UTF-8"?>
<!-- Generated by org.testng.reporters.JUnitReportReporter -->
<testsuite hostname="DESKTOP-8316LVI" failures="0" tests="1" name="testCase.TC002_LoginTest" time="2.348" errors="0" timestamp="2025-02-13T12:19:02 IST" skipped="0">
  <testcase classname="testCase.TC002_LoginTest" name="verify_login" time="2.348"/>
</testsuite> <!-- testCase.TC002_LoginTest -->
